0 info it worked if it ends with ok
1 verbose cli [ 'E:\\nodejs\\app\\node.exe',
1 verbose cli   'E:\\nodejs\\app\\node_modules\\npm\\bin\\npm-cli.js',
1 verbose cli   'run',
1 verbose cli   'tsc:w' ]
2 info using npm@3.10.3
3 info using node@v6.3.0
4 verbose run-script [ 'pretsc:w', 'tsc:w', 'posttsc:w' ]
5 info lifecycle angular2-quickstart@1.0.0~pretsc:w: angular2-quickstart@1.0.0
6 silly lifecycle angular2-quickstart@1.0.0~pretsc:w: no script for pretsc:w, continuing
7 info lifecycle angular2-quickstart@1.0.0~tsc:w: angular2-quickstart@1.0.0
8 verbose lifecycle angular2-quickstart@1.0.0~tsc:w: unsafe-perm in lifecycle true
9 verbose lifecycle angular2-quickstart@1.0.0~tsc:w: PATH: E:\nodejs\app\node_modules\npm\bin\node-gyp-bin;E:\angular2\angular2-tour-of-heroes\node_modules\.bin;E:\nodejs\app;E:\nodejs\app\node_modules\npm\bin\node-gyp-bin;E:\angular2\angular2-tour-of-heroes\node_modules\.bin;E:\nodejs\app;C:\Windows\system32;C:\Windows;C:\Windows\System32\Wbem;C:\Windows\System32\WindowsPowerShell\v1.0\;E:\svn\bin;E:\Java\1.8\jdk\bin;e:\sqlserver\32\110\Tools\Binn\ManagementStudio\;e:\sqlserver\32\110\Tools\Binn\;e:\sqlserver\64\110\Tools\Binn\;e:\sqlserver\32\110\DTS\Binn\;D:\gradle-2.14\bin;E:\nodejs\app\;C:\Users\ceeg\AppData\Roaming\npm
10 verbose lifecycle angular2-quickstart@1.0.0~tsc:w: CWD: E:\angular2\angular2-tour-of-heroes
11 silly lifecycle angular2-quickstart@1.0.0~tsc:w: Args: [ '/d /s /c', 'tsc -w' ]
12 silly lifecycle angular2-quickstart@1.0.0~tsc:w: Returned: code: 3221225786  signal: null
13 info lifecycle angular2-quickstart@1.0.0~tsc:w: Failed to exec tsc:w script
14 verbose stack Error: angular2-quickstart@1.0.0 tsc:w: `tsc -w`
14 verbose stack Exit status 3221225786
14 verbose stack     at EventEmitter.<anonymous> (E:\nodejs\app\node_modules\npm\lib\utils\lifecycle.js:242:16)
14 verbose stack     at emitTwo (events.js:106:13)
14 verbose stack     at EventEmitter.emit (events.js:191:7)
14 verbose stack     at ChildProcess.<anonymous> (E:\nodejs\app\node_modules\npm\lib\utils\spawn.js:40:14)
14 verbose stack     at emitTwo (events.js:106:13)
14 verbose stack     at ChildProcess.emit (events.js:191:7)
14 verbose stack     at maybeClose (internal/child_process.js:852:16)
14 verbose stack     at Process.ChildProcess._handle.onexit (internal/child_process.js:215:5)
15 verbose pkgid angular2-quickstart@1.0.0
16 verbose cwd E:\angular2\angular2-tour-of-heroes
17 error Windows_NT 10.0.10586
18 error argv "E:\\nodejs\\app\\node.exe" "E:\\nodejs\\app\\node_modules\\npm\\bin\\npm-cli.js" "run" "tsc:w"
19 error node v6.3.0
20 error npm  v3.10.3
21 error code ELIFECYCLE
22 error angular2-quickstart@1.0.0 tsc:w: `tsc -w`
22 error Exit status 3221225786
23 error Failed at the angular2-quickstart@1.0.0 tsc:w script 'tsc -w'.
23 error Make sure you have the latest version of node.js and npm installed.
23 error If you do, this is most likely a problem with the angular2-quickstart package,
23 error not with npm itself.
23 error Tell the author that this fails on your system:
23 error     tsc -w
23 error You can get information on how to open an issue for this project with:
23 error     npm bugs angular2-quickstart
23 error Or if that isn't available, you can get their info via:
23 error     npm owner ls angular2-quickstart
23 error There is likely additional logging output above.
24 verbose exit [ 1, true ]
